<?xml version="1.0" encoding="UTF-8"?>
<testng-results ignored="0" total="1" passed="1" failed="0" skipped="0">
  <reporter-output>
  </reporter-output>
  <suite started-at="2024-08-07T10:59:13 IST" name="Default suite" finished-at="2024-08-07T10:59:28 IST" duration-ms="15639">
    <groups>
    </groups>
    <test started-at="2024-08-07T10:59:13 IST" name="Default test" finished-at="2024-08-07T10:59:28 IST" duration-ms="15639">
      <class name="com.store.TestCases.ContactPage">
        <test-method is-config="true" signature="setup()[pri:0, instance:com.store.TestCases.ContactPage@6f10d5b6]" started-at="2024-08-07T10:59:13 IST" name="setup" finished-at="2024-08-07T10:59:17 IST" duration-ms="4518" status="PASS">
          <reporter-output>
          </reporter-output>
        </test-method> <!-- setup -->
        <test-method is-config="true" signature="beforeMethod()[pri:0, instance:com.store.TestCases.ContactPage@6f10d5b6]" started-at="2024-08-07T10:59:17 IST" name="beforeMethod" finished-at="2024-08-07T10:59:17 IST" duration-ms="5" status="PASS">
          <reporter-output>
          </reporter-output>
        </test-method> <!-- beforeMethod -->
        <test-method signature="testContactForm()[pri:0, instance:com.store.TestCases.ContactPage@6f10d5b6]" started-at="2024-08-07T10:59:17 IST" name="testContactForm" finished-at="2024-08-07T10:59:27 IST" duration-ms="9805" status="PASS">
          <reporter-output>
          </reporter-output>
        </test-method> <!-- testContactForm -->
        <test-method is-config="true" signature="afterMethod()[pri:0, instance:com.store.TestCases.ContactPage@6f10d5b6]" started-at="2024-08-07T10:59:27 IST" name="afterMethod" finished-at="2024-08-07T10:59:28 IST" duration-ms="842" status="PASS">
          <reporter-output>
          </reporter-output>
        </test-method> <!-- afterMethod -->
        <test-method is-config="true" signature="close()[pri:0, instance:com.store.TestCases.ContactPage@6f10d5b6]" started-at="2024-08-07T10:59:28 IST" name="close" finished-at="2024-08-07T10:59:28 IST" duration-ms="366" status="PASS">
          <reporter-output>
          </reporter-output>
        </test-method> <!-- close -->
      </class> <!-- com.store.TestCases.ContactPage -->
    </test> <!-- Default test -->
  </suite> <!-- Default suite -->
</testng-results>
